Build started 2014/5/30 上午 09:21:43.
     1>Project "C:\Users\102321060\Desktop\wave\wave\wave.vcxproj" on node 2 (build target(s)).
     1>InitializeBuildStatus:
         Creating "Debug\wave.unsuccessfulbuild" because "AlwaysCreate" was specified.
       ClCompile:
         All outputs are up-to-date.
         c:\Program Files\Microsoft Visual Studio 10.0\VC\bin\CL.exe /c /ZI /nologo /W3 /WX- /Od /Oy- /D WIN32 /D _WINDOWS /D _DEBUG /D _UNICODE /D UNICODE /D _AFXDLL /Gm /EHsc /RTC1 /MDd /GS /fp:precise /Zc:wchar_t /Zc:forScope /Yu"StdAfx.h" /Fp"Debug\wave.pch" /Fo"Debug\\" /Fd"Debug\vc100.pdb" /Gd /TP /analyze- /errorReport:prompt waveView.cpp
         waveView.cpp
       ResourceCompile:
         All outputs are up-to-date.
       ManifestResourceCompile:
         All outputs are up-to-date.
       Link:
         c:\Program Files\Microsoft Visual Studio 10.0\VC\bin\link.exe /ERRORREPORT:PROMPT /OUT:"C:\Users\102321060\Desktop\wave\Debug\wave.exe" /INCREMENTAL /NOLOGO /MANIFEST /ManifestFile:"Debug\wave.exe.intermediate.manifest" /MANIFESTUAC:"level='asInvoker' uiAccess='false'" /DEBUG /PDB:"C:\Users\102321060\Desktop\wave\Debug\wave.pdb" /SUBSYSTEM:WINDOWS /TLBID:1 /ENTRY:"wWinMainCRTStartup" /DYNAMICBASE /NXCOMPAT /IMPLIB:"C:\Users\102321060\Desktop\wave\Debug\wave.lib" /MACHINE:X86 Debug\wave.res
         Debug\wave.exe.embed.manifest.res
         Debug\MainFrm.obj
         Debug\stdafx.obj
         Debug\wave.obj
         Debug\waveDoc.obj
         Debug\waveView.obj
       Manifest:
         C:\Program Files\Microsoft SDKs\Windows\v7.0A\bin\mt.exe /nologo /verbose /out:"Debug\wave.exe.embed.manifest" /manifest Debug\wave.exe.intermediate.manifest "c:\Program Files\Microsoft Visual Studio 10.0\VC\Include\Manifest\dpiaware.manifest"
         All outputs are up-to-date.
       LinkEmbedManifest:
         All outputs are up-to-date.
         wave.vcxproj -> C:\Users\102321060\Desktop\wave\Debug\wave.exe
       FinalizeBuildStatus:
         Deleting file "Debug\wave.unsuccessfulbuild".
         Touching "Debug\wave.lastbuildstate".
     1>Done Building Project "C:\Users\102321060\Desktop\wave\wave\wave.vcxproj" (build target(s)).

Build succeeded.

Time Elapsed 00:00:00.67
