已經開始建置於 2014/5/30 下午 11:10:37。
     1>節點 2 (build 目標) 上的專案 "Z:\color\color\color.vcxproj"。
     1>InitializeBuildStatus:
         由於指定了 "AlwaysCreate"，因此正在建立 "Debug\color.unsuccessfulbuild"。
       ClCompile:
         所有輸出都是最新的。
         所有輸出都是最新的。
       ResourceCompile:
         所有輸出都是最新的。
       ManifestResourceCompile:
         所有輸出都是最新的。
       Link:
         所有輸出都是最新的。
       Manifest:
         所有輸出都是最新的。
         所有輸出都是最新的。
       FinalizeBuildStatus:
         正在刪除檔案 "Debug\color.unsuccessfulbuild"。
         正在變更時間戳記 "Debug\color.lastbuildstate"。
     1>專案 "Z:\color\color\color.vcxproj" (build 目標) 建置完成。

建置成功。

經過時間 00:00:01.18
